<?xml version="1.0" encoding="UTF-8"?>
<!-- Generated by org.testng.reporters.JUnitXMLReporter -->
<testsuite ignored="0" hostname="DESKTOP-D9L1E3E" failures="0" tests="2" name="Default test" time="17.24" errors="0" timestamp="2021-12-29T19:42:44 EST">
  <testcase classname="hw_16_selenium_methods.WebBasedAlertMethods" name="acceptAlertFromWindow" time="5.085"/>
  <testcase classname="hw_16_selenium_methods.WebBasedAlertMethods" name="dismissAlertFromWindow" time="5.077"/>
</testsuite> <!-- Default test -->
