<?xml version="1.0" encoding="UTF-8"?>
<!-- Generated by org.testng.reporters.JUnitXMLReporter -->
<testsuite ignored="0" hostname="DESKTOP-D9L1E3E" failures="0" tests="2" name="Default test" time="17.014" errors="0" timestamp="2021-12-29T00:03:00 EST">
  <testcase classname="hw_16_selenium_methods.WebBasedAlertMethods" name="acceptAlertFromWindow" time="5.108"/>
  <testcase classname="hw_16_selenium_methods.WebBasedAlertMethods" name="dismissAlertFromWindow" time="5.079"/>
</testsuite> <!-- Default test -->
