<?xml version="1.0" encoding="UTF-8"?>
<testng-results ignored="0" total="1" passed="1" failed="0" skipped="0">
  <reporter-output>
  </reporter-output>
  <suite started-at="2021-12-21T04:56:12 EST" name="Default suite" finished-at="2021-12-21T04:58:33 EST" duration-ms="141382">
    <groups>
    </groups>
    <test started-at="2021-12-21T04:56:12 EST" name="Default test" finished-at="2021-12-21T04:58:33 EST" duration-ms="141382">
      <class name="hw_13.Uses_of_method_to_run_an_url">
        <test-method is-config="true" signature="setUp()[pri:0, instance:hw_13.Uses_of_method_to_run_an_url@66d3eec0]" started-at="2021-12-21T04:56:12 EST" name="setUp" finished-at="2021-12-21T04:58:00 EST" duration-ms="108299" status="PASS">
          <reporter-output>
          </reporter-output>
        </test-method> <!-- setUp -->
        <test-method signature="orderAndReturnTest()[pri:0, instance:hw_13.Uses_of_method_to_run_an_url@66d3eec0]" started-at="2021-12-21T04:58:00 EST" name="orderAndReturnTest" finished-at="2021-12-21T04:58:33 EST" duration-ms="32769" status="PASS">
          <reporter-output>
          </reporter-output>
        </test-method> <!-- orderAndReturnTest -->
        <test-method is-config="true" signature="tearUp()[pri:0, instance:hw_13.Uses_of_method_to_run_an_url@66d3eec0]" started-at="2021-12-21T04:58:33 EST" name="tearUp" finished-at="2021-12-21T04:58:33 EST" duration-ms="282" status="PASS">
          <reporter-output>
          </reporter-output>
        </test-method> <!-- tearUp -->
      </class> <!-- hw_13.Uses_of_method_to_run_an_url -->
    </test> <!-- Default test -->
  </suite> <!-- Default suite -->
</testng-results>
