<?xml version="1.0" encoding="UTF-8"?>
<testng-results ignored="0" total="2" passed="2" failed="0" skipped="0">
  <reporter-output>
  </reporter-output>
  <suite started-at="2021-12-29T00:02:43 EST" name="Default suite" finished-at="2021-12-29T00:03:00 EST" duration-ms="17014">
    <groups>
    </groups>
    <test started-at="2021-12-29T00:02:43 EST" name="Default test" finished-at="2021-12-29T00:03:00 EST" duration-ms="17014">
      <class name="hw_16_selenium_methods.WebBasedAlertMethods">
        <test-method is-config="true" signature="setUp()[pri:0, instance:hw_16_selenium_methods.WebBasedAlertMethods@18d87d80]" started-at="2021-12-29T00:02:43 EST" name="setUp" finished-at="2021-12-29T00:02:49 EST" duration-ms="6575" status="PASS">
          <reporter-output>
          </reporter-output>
        </test-method> <!-- setUp -->
        <test-method signature="acceptAlertFromWindow()[pri:1, instance:hw_16_selenium_methods.WebBasedAlertMethods@18d87d80]" started-at="2021-12-29T00:02:49 EST" name="acceptAlertFromWindow" finished-at="2021-12-29T00:02:54 EST" duration-ms="5108" status="PASS">
          <reporter-output>
          </reporter-output>
        </test-method> <!-- acceptAlertFromWindow -->
        <test-method signature="dismissAlertFromWindow()[pri:2, instance:hw_16_selenium_methods.WebBasedAlertMethods@18d87d80]" started-at="2021-12-29T00:02:54 EST" name="dismissAlertFromWindow" finished-at="2021-12-29T00:02:59 EST" duration-ms="5079" status="PASS">
          <reporter-output>
          </reporter-output>
        </test-method> <!-- dismissAlertFromWindow -->
        <test-method is-config="true" signature="tearUp()[pri:0, instance:hw_16_selenium_methods.WebBasedAlertMethods@18d87d80]" started-at="2021-12-29T00:02:59 EST" name="tearUp" finished-at="2021-12-29T00:03:00 EST" duration-ms="201" status="PASS">
          <reporter-output>
          </reporter-output>
        </test-method> <!-- tearUp -->
      </class> <!-- hw_16_selenium_methods.WebBasedAlertMethods -->
    </test> <!-- Default test -->
  </suite> <!-- Default suite -->
</testng-results>
